<?xml version="1.0" encoding="UTF-8"?>
<testng-results ignored="0" total="1" passed="1" failed="0" skipped="0">
  <reporter-output>
  </reporter-output>
  <suite started-at="2022-07-18T00:37:31 EDT" name="InetBankingV1" finished-at="2022-07-18T00:37:36 EDT" duration-ms="4914">
    <groups>
    </groups>
    <test started-at="2022-07-18T00:37:31 EDT" name="BankingApp Test" finished-at="2022-07-18T00:37:36 EDT" duration-ms="4914">
      <class name="com.inetBanking.testCases.TC_LoginTest_001">
        <test-method is-config="true" signature="setUp(java.lang.String)[pri:0, instance:com.inetBanking.testCases.TC_LoginTest_001@29176cc1]" started-at="2022-07-18T00:37:31 EDT" name="setUp" finished-at="2022-07-18T00:37:35 EDT" duration-ms="3502" status="PASS">
          <params>
            <param index="0">
              <value>
                <![CDATA[chrome]]>
              </value>
            </param>
          </params>
          <reporter-output>
          </reporter-output>
        </test-method> <!-- setUp -->
        <test-method signature="loginTest()[pri:0, instance:com.inetBanking.testCases.TC_LoginTest_001@29176cc1]" started-at="2022-07-18T00:37:35 EDT" name="loginTest" finished-at="2022-07-18T00:37:36 EDT" duration-ms="1063" status="PASS">
          <reporter-output>
          </reporter-output>
        </test-method> <!-- loginTest -->
        <test-method is-config="true" signature="tearDown()[pri:0, instance:com.inetBanking.testCases.TC_LoginTest_001@29176cc1]" started-at="2022-07-18T00:37:36 EDT" name="tearDown" finished-at="2022-07-18T00:37:36 EDT" duration-ms="126" status="PASS">
          <reporter-output>
          </reporter-output>
        </test-method> <!-- tearDown -->
      </class> <!-- com.inetBanking.testCases.TC_LoginTest_001 -->
    </test> <!-- BankingApp Test -->
  </suite> <!-- InetBankingV1 -->
</testng-results>
